  cube.cpp
  sphere.cpp
  wrapper_glfw.cpp
  points2.cpp
C:\Users\amygo\OneDrive\Documents\University\Year 4\Fixed Graphics Lab\topic_1_first_programs\graphics_examples\ShowOff\points2.cpp(40,20): warning C4018: '<': signed/unsigned mismatch
C:\Users\amygo\OneDrive\Documents\University\Year 4\Fixed Graphics Lab\topic_1_first_programs\graphics_examples\ShowOff\points2.cpp(77,20): warning C4018: '<': signed/unsigned mismatch
  showOff.cpp
C:\Users\amygo\OneDrive\Documents\University\Year 4\Fixed Graphics Lab\topic_1_first_programs\graphics_examples\ShowOff\showOff.cpp(171,14): warning C4305: '=': truncation from 'double' to 'GLfloat'
C:\Users\amygo\OneDrive\Documents\University\Year 4\Fixed Graphics Lab\topic_1_first_programs\graphics_examples\ShowOff\showOff.cpp(172,14): warning C4305: '=': truncation from 'double' to 'GLfloat'
C:\Users\amygo\OneDrive\Documents\University\Year 4\Fixed Graphics Lab\topic_1_first_programs\graphics_examples\ShowOff\showOff.cpp(177,20): warning C4305: '=': truncation from 'double' to 'GLfloat'
C:\Users\amygo\OneDrive\Documents\University\Year 4\Fixed Graphics Lab\topic_1_first_programs\graphics_examples\ShowOff\showOff.cpp(500,33): warning C4244: 'argument': conversion from 'GLfloat' to 'GLuint', possible loss of data
  terrain_object.cpp
C:\Users\amygo\OneDrive\Documents\University\Year 4\Fixed Graphics Lab\topic_1_first_programs\graphics_examples\ShowOff\terrain_object.cpp(188,20): warning C4018: '<': signed/unsigned mismatch
C:\Users\amygo\OneDrive\Documents\University\Year 4\Fixed Graphics Lab\topic_1_first_programs\graphics_examples\ShowOff\terrain_object.cpp(410,20): warning C4018: '<': signed/unsigned mismatch
C:\Users\amygo\OneDrive\Documents\University\Year 4\Fixed Graphics Lab\topic_1_first_programs\graphics_examples\ShowOff\terrain_object.cpp(436,14): warning C4244: 'initializing': conversion from 'genType' to 'float', possible loss of data
          with
          [
              genType=double
          ]
C:\Users\amygo\OneDrive\Documents\University\Year 4\Fixed Graphics Lab\topic_1_first_programs\graphics_examples\ShowOff\terrain_object.cpp(437,15): warning C4244: 'initializing': conversion from 'genType' to 'float', possible loss of data
          with
          [
              genType=double
          ]
C:\Users\amygo\OneDrive\Documents\University\Year 4\Fixed Graphics Lab\topic_1_first_programs\graphics_examples\ShowOff\terrain_object.cpp(438,15): warning C4244: 'initializing': conversion from 'genType' to 'float', possible loss of data
          with
          [
              genType=double
          ]
C:\Users\amygo\OneDrive\Documents\University\Year 4\Fixed Graphics Lab\topic_1_first_programs\graphics_examples\ShowOff\terrain_object.cpp(474,9): warning C4244: 'initializing': conversion from 'float' to 'int', possible loss of data
C:\Users\amygo\OneDrive\Documents\University\Year 4\Fixed Graphics Lab\topic_1_first_programs\graphics_examples\ShowOff\terrain_object.cpp(475,9): warning C4244: 'initializing': conversion from 'float' to 'int', possible loss of data
C:\Users\amygo\OneDrive\Documents\University\Year 4\Fixed Graphics Lab\topic_1_first_programs\graphics_examples\ShowOff\terrain_object.cpp(483,23): warning C4018: '<': signed/unsigned mismatch
  tiny_loader.cpp
C:\Users\amygo\OneDrive\Documents\University\Year 4\Fixed Graphics Lab\topic_1_first_programs\graphics_examples\ShowOff\tiny_loader.cpp(109,25): warning C4018: '<': signed/unsigned mismatch
C:\Users\amygo\OneDrive\Documents\University\Year 4\Fixed Graphics Lab\topic_1_first_programs\graphics_examples\ShowOff\tiny_loader.cpp(120,33): warning C4834: discarding return value of function with 'nodiscard' attribute
C:\Users\amygo\OneDrive\Documents\University\Year 4\Fixed Graphics Lab\topic_1_first_programs\graphics_examples\ShowOff\tiny_loader.cpp(211,20): warning C4018: '<': signed/unsigned mismatch
  tiny_obj_loader.cc
  Generating Code...
glfw3D.lib(context.obj) : warning LNK4099: PDB 'glfw.pdb' was not found with 'glfw3D.lib(context.obj)' or at 'C:\Users\amygo\OneDrive\Documents\University\Year 4\Fixed Graphics Lab\topic_1_first_programs\graphics_examples\Debug\glfw.pdb'; linking object as if no debug info
glfw3D.lib(init.obj) : warning LNK4099: PDB 'glfw.pdb' was not found with 'glfw3D.lib(init.obj)' or at 'C:\Users\amygo\OneDrive\Documents\University\Year 4\Fixed Graphics Lab\topic_1_first_programs\graphics_examples\Debug\glfw.pdb'; linking object as if no debug info
glfw3D.lib(input.obj) : warning LNK4099: PDB 'glfw.pdb' was not found with 'glfw3D.lib(input.obj)' or at 'C:\Users\amygo\OneDrive\Documents\University\Year 4\Fixed Graphics Lab\topic_1_first_programs\graphics_examples\Debug\glfw.pdb'; linking object as if no debug info
glfw3D.lib(monitor.obj) : warning LNK4099: PDB 'glfw.pdb' was not found with 'glfw3D.lib(monitor.obj)' or at 'C:\Users\amygo\OneDrive\Documents\University\Year 4\Fixed Graphics Lab\topic_1_first_programs\graphics_examples\Debug\glfw.pdb'; linking object as if no debug info
glfw3D.lib(vulkan.obj) : warning LNK4099: PDB 'glfw.pdb' was not found with 'glfw3D.lib(vulkan.obj)' or at 'C:\Users\amygo\OneDrive\Documents\University\Year 4\Fixed Graphics Lab\topic_1_first_programs\graphics_examples\Debug\glfw.pdb'; linking object as if no debug info
glfw3D.lib(window.obj) : warning LNK4099: PDB 'glfw.pdb' was not found with 'glfw3D.lib(window.obj)' or at 'C:\Users\amygo\OneDrive\Documents\University\Year 4\Fixed Graphics Lab\topic_1_first_programs\graphics_examples\Debug\glfw.pdb'; linking object as if no debug info
glfw3D.lib(win32_init.obj) : warning LNK4099: PDB 'glfw.pdb' was not found with 'glfw3D.lib(win32_init.obj)' or at 'C:\Users\amygo\OneDrive\Documents\University\Year 4\Fixed Graphics Lab\topic_1_first_programs\graphics_examples\Debug\glfw.pdb'; linking object as if no debug info
glfw3D.lib(win32_joystick.obj) : warning LNK4099: PDB 'glfw.pdb' was not found with 'glfw3D.lib(win32_joystick.obj)' or at 'C:\Users\amygo\OneDrive\Documents\University\Year 4\Fixed Graphics Lab\topic_1_first_programs\graphics_examples\Debug\glfw.pdb'; linking object as if no debug info
glfw3D.lib(win32_monitor.obj) : warning LNK4099: PDB 'glfw.pdb' was not found with 'glfw3D.lib(win32_monitor.obj)' or at 'C:\Users\amygo\OneDrive\Documents\University\Year 4\Fixed Graphics Lab\topic_1_first_programs\graphics_examples\Debug\glfw.pdb'; linking object as if no debug info
glfw3D.lib(win32_time.obj) : warning LNK4099: PDB 'glfw.pdb' was not found with 'glfw3D.lib(win32_time.obj)' or at 'C:\Users\amygo\OneDrive\Documents\University\Year 4\Fixed Graphics Lab\topic_1_first_programs\graphics_examples\Debug\glfw.pdb'; linking object as if no debug info
glfw3D.lib(win32_tls.obj) : warning LNK4099: PDB 'glfw.pdb' was not found with 'glfw3D.lib(win32_tls.obj)' or at 'C:\Users\amygo\OneDrive\Documents\University\Year 4\Fixed Graphics Lab\topic_1_first_programs\graphics_examples\Debug\glfw.pdb'; linking object as if no debug info
glfw3D.lib(win32_window.obj) : warning LNK4099: PDB 'glfw.pdb' was not found with 'glfw3D.lib(win32_window.obj)' or at 'C:\Users\amygo\OneDrive\Documents\University\Year 4\Fixed Graphics Lab\topic_1_first_programs\graphics_examples\Debug\glfw.pdb'; linking object as if no debug info
glfw3D.lib(wgl_context.obj) : warning LNK4099: PDB 'glfw.pdb' was not found with 'glfw3D.lib(wgl_context.obj)' or at 'C:\Users\amygo\OneDrive\Documents\University\Year 4\Fixed Graphics Lab\topic_1_first_programs\graphics_examples\Debug\glfw.pdb'; linking object as if no debug info
glfw3D.lib(egl_context.obj) : warning LNK4099: PDB 'glfw.pdb' was not found with 'glfw3D.lib(egl_context.obj)' or at 'C:\Users\amygo\OneDrive\Documents\University\Year 4\Fixed Graphics Lab\topic_1_first_programs\graphics_examples\Debug\glfw.pdb'; linking object as if no debug info
glloadD.lib(gl_load.obj) : warning LNK4099: PDB 'glloadD.pdb' was not found with 'glloadD.lib(gl_load.obj)' or at 'C:\Users\amygo\OneDrive\Documents\University\Year 4\Fixed Graphics Lab\topic_1_first_programs\graphics_examples\Debug\glloadD.pdb'; linking object as if no debug info
glloadD.lib(gl_load_cpp.obj) : warning LNK4099: PDB 'glloadD.pdb' was not found with 'glloadD.lib(gl_load_cpp.obj)' or at 'C:\Users\amygo\OneDrive\Documents\University\Year 4\Fixed Graphics Lab\topic_1_first_programs\graphics_examples\Debug\glloadD.pdb'; linking object as if no debug info
  ShowOff.vcxproj -> C:\Users\amygo\OneDrive\Documents\University\Year 4\Fixed Graphics Lab\topic_1_first_programs\graphics_examples\Debug\ShowOff.exe
